# JRE version: 7.0_21-b11
# Java VM: Java HotSpot(TM) 64-Bit Server VM (23.21-b01 mixed mode windows-amd64 compressed oops)
Heap
 PSYoungGen      total 124608K, used 11861K [0x00000007d5e00000, 0x00000007de260000, 0x0000000800000000)
  eden space 124416K, 9% used [0x00000007d5e00000,0x00000007d6995648,0x00000007dd780000)
  from space 192K, 0% used [0x00000007dd780000,0x00000007dd780000,0x00000007dd7b0000)
  to   space 5568K, 0% used [0x00000007ddcf0000,0x00000007ddcf0000,0x00000007de260000)
 ParOldGen       total 86272K, used 35023K [0x0000000781a00000, 0x0000000786e40000, 0x00000007d5e00000)
  object space 86272K, 40% used [0x0000000781a00000,0x0000000783c33fc0,0x0000000786e40000)
 PSPermGen       total 72000K, used 71879K [0x000000077c800000, 0x0000000780e50000, 0x0000000781a00000)
  object space 72000K, 99% used [0x000000077c800000,0x0000000780e31e88,0x0000000780e50000)
GC Heap History (10 events):
Event: 410.502 GC heap before
{Heap before GC invocations=84 (full 39):
 PSYoungGen      total 124480K, used 64K [0x00000007d5e00000, 0x00000007de3e0000, 0x0000000800000000)
  eden space 124416K, 0% used [0x00000007d5e00000,0x00000007d5e00000,0x00000007dd780000)
  from space 64K, 100% used [0x00000007dd780000,0x00000007dd790000,0x00000007dd790000)
  to   space 6336K, 0% used [0x00000007dddb0000,0x00000007dddb0000,0x00000007de3e0000)
 ParOldGen       total 86272K, used 34966K [0x0000000781a00000, 0x0000000786e40000, 0x00000007d5e00000)
  object space 86272K, 40% used [0x0000000781a00000,0x0000000783c25878,0x0000000786e40000)
 PSPermGen       total 70592K, used 70062K [0x000000077c800000, 0x0000000780cf0000, 0x0000000781a00000)
  object space 70592K, 99% used [0x000000077c800000,0x0000000780c6b978,0x0000000780cf0000)
Event: 410.627 GC heap after
Heap after GC invocations=84 (full 39):
 PSYoungGen      total 124480K, used 0K [0x00000007d5e00000, 0x00000007de3e0000, 0x0000000800000000)
  eden space 124416K, 0% used [0x00000007d5e00000,0x00000007d5e00000,0x00000007dd780000)
  from space 64K, 0% used [0x00000007dd780000,0x00000007dd780000,0x00000007dd790000)
  to   space 6336K, 0% used [0x00000007dddb0000,0x00000007dddb0000,0x00000007de3e0000)
 ParOldGen       total 86272K, used 34966K [0x0000000781a00000, 0x0000000786e40000, 0x00000007d5e00000)
  object space 86272K, 40% used [0x0000000781a00000,0x0000000783c25878,0x0000000786e40000)
 PSPermGen       total 70528K, used 70062K [0x000000077c800000, 0x0000000780ce0000, 0x0000000781a00000)
  object space 70528K, 99% used [0x000000077c800000,0x0000000780c6b978,0x0000000780ce0000)
}
Event: 420.500 GC heap before
{Heap before GC invocations=85 (full 39):
 PSYoungGen      total 124480K, used 2496K [0x00000007d5e00000, 0x00000007de3e0000, 0x0000000800000000)
  eden space 124416K, 2% used [0x00000007d5e00000,0x00000007d60701b8,0x00000007dd780000)
  from space 64K, 0% used [0x00000007dd780000,0x00000007dd780000,0x00000007dd790000)
  to   space 6336K, 0% used [0x00000007dddb0000,0x00000007dddb0000,0x00000007de3e0000)
 ParOldGen       total 86272K, used 34966K [0x0000000781a00000, 0x0000000786e40000, 0x00000007d5e00000)
  object space 86272K, 40% used [0x0000000781a00000,0x0000000783c25878,0x0000000786e40000)
 PSPermGen       total 70528K, used 70062K [0x000000077c800000, 0x0000000780ce0000, 0x0000000781a00000)
  object space 70528K, 99% used [0x000000077c800000,0x0000000780c6b998,0x0000000780ce0000)
Event: 420.502 GC heap after
Heap after GC invocations=85 (full 39):
 PSYoungGen      total 129984K, used 64K [0x00000007d5e00000, 0x00000007de320000, 0x0000000800000000)
  eden space 124416K, 0% used [0x00000007d5e00000,0x00000007d5e00000,0x00000007dd780000)
  from space 5568K, 1% used [0x00000007dddb0000,0x00000007dddc0000,0x00000007de320000)
  to   space 5952K, 0% used [0x00000007dd780000,0x00000007dd780000,0x00000007ddd50000)
 ParOldGen       total 86272K, used 34966K [0x0000000781a00000, 0x0000000786e40000, 0x00000007d5e00000)
  object space 86272K, 40% used [0x0000000781a00000,0x0000000783c25878,0x0000000786e40000)
 PSPermGen       total 70528K, used 70062K [0x000000077c800000, 0x0000000780ce0000, 0x0000000781a00000)
  object space 70528K, 99% used [0x000000077c800000,0x0000000780c6b998,0x0000000780ce0000)
}
Event: 420.502 GC heap before
{Heap before GC invocations=86 (full 40):
 PSYoungGen      total 129984K, used 64K [0x00000007d5e00000, 0x00000007de320000, 0x0000000800000000)
  eden space 124416K, 0% used [0x00000007d5e00000,0x00000007d5e00000,0x00000007dd780000)
  from space 5568K, 1% used [0x00000007dddb0000,0x00000007dddc0000,0x00000007de320000)
  to   space 5952K, 0% used [0x00000007dd780000,0x00000007dd780000,0x00000007ddd50000)
 ParOldGen       total 86272K, used 34966K [0x0000000781a00000, 0x0000000786e40000, 0x00000007d5e00000)
  object space 86272K, 40% used [0x0000000781a00000,0x0000000783c25878,0x0000000786e40000)
 PSPermGen       total 70528K, used 70062K [0x000000077c800000, 0x0000000780ce0000, 0x0000000781a00000)
  object space 70528K, 99% used [0x000000077c800000,0x0000000780c6b998,0x0000000780ce0000)
Event: 420.628 GC heap after
Heap after GC invocations=86 (full 40):
 PSYoungGen      total 129984K, used 0K [0x00000007d5e00000, 0x00000007de320000, 0x0000000800000000)
  eden space 124416K, 0% used [0x00000007d5e00000,0x00000007d5e00000,0x00000007dd780000)
  from space 5568K, 0% used [0x00000007dddb0000,0x00000007dddb0000,0x00000007de320000)
  to   space 5952K, 0% used [0x00000007dd780000,0x00000007dd780000,0x00000007ddd50000)
 ParOldGen       total 86272K, used 34966K [0x0000000781a00000, 0x0000000786e40000, 0x00000007d5e00000)
  object space 86272K, 40% used [0x0000000781a00000,0x0000000783c25878,0x0000000786e40000)
 PSPermGen       total 70528K, used 70062K [0x000000077c800000, 0x0000000780ce0000, 0x0000000781a00000)
  object space 70528K, 99% used [0x000000077c800000,0x0000000780c6b998,0x0000000780ce0000)
}
Event: 430.500 GC heap before
{Heap before GC invocations=87 (full 40):
 PSYoungGen      total 129984K, used 6986K [0x00000007d5e00000, 0x00000007de320000, 0x0000000800000000)
  eden space 124416K, 5% used [0x00000007d5e00000,0x00000007d64d2890,0x00000007dd780000)
  from space 5568K, 0% used [0x00000007dddb0000,0x00000007dddb0000,0x00000007de320000)
  to   space 5952K, 0% used [0x00000007dd780000,0x00000007dd780000,0x00000007ddd50000)
 ParOldGen       total 86272K, used 34966K [0x0000000781a00000, 0x0000000786e40000, 0x00000007d5e00000)
  object space 86272K, 40% used [0x0000000781a00000,0x0000000783c25878,0x0000000786e40000)
 PSPermGen       total 70528K, used 70065K [0x000000077c800000, 0x0000000780ce0000, 0x0000000781a00000)
  object space 70528K, 99% used [0x000000077c800000,0x0000000780c6c6e8,0x0000000780ce0000)
Event: 430.503 GC heap after
Heap after GC invocations=87 (full 40):
 PSYoungGen      total 124608K, used 160K [0x00000007d5e00000, 0x00000007de260000, 0x0000000800000000)
  eden space 124416K, 0% used [0x00000007d5e00000,0x00000007d5e00000,0x00000007dd780000)
  from space 192K, 83% used [0x00000007dd780000,0x00000007dd7a8000,0x00000007dd7b0000)
  to   space 5568K, 0% used [0x00000007ddcf0000,0x00000007ddcf0000,0x00000007de260000)
 ParOldGen       total 86272K, used 34966K [0x0000000781a00000, 0x0000000786e40000, 0x00000007d5e00000)
  object space 86272K, 40% used [0x0000000781a00000,0x0000000783c25878,0x0000000786e40000)
 PSPermGen       total 70528K, used 70065K [0x000000077c800000, 0x0000000780ce0000, 0x0000000781a00000)
  object space 70528K, 99% used [0x000000077c800000,0x0000000780c6c6e8,0x0000000780ce0000)
}
Event: 430.503 GC heap before
{Heap before GC invocations=88 (full 41):
 PSYoungGen      total 124608K, used 160K [0x00000007d5e00000, 0x00000007de260000, 0x0000000800000000)
  eden space 124416K, 0% used [0x00000007d5e00000,0x00000007d5e00000,0x00000007dd780000)
  from space 192K, 83% used [0x00000007dd780000,0x00000007dd7a8000,0x00000007dd7b0000)
  to   space 5568K, 0% used [0x00000007ddcf0000,0x00000007ddcf0000,0x00000007de260000)
 ParOldGen       total 86272K, used 34966K [0x0000000781a00000, 0x0000000786e40000, 0x00000007d5e00000)
  object space 86272K, 40% used [0x0000000781a00000,0x0000000783c25878,0x0000000786e40000)
 PSPermGen       total 70528K, used 70065K [0x000000077c800000, 0x0000000780ce0000, 0x0000000781a00000)
  object space 70528K, 99% used [0x000000077c800000,0x0000000780c6c6e8,0x0000000780ce0000)
Event: 430.632 GC heap after
Heap after GC invocations=88 (full 41):
 PSYoungGen      total 124608K, used 0K [0x00000007d5e00000, 0x00000007de260000, 0x0000000800000000)
  eden space 124416K, 0% used [0x00000007d5e00000,0x00000007d5e00000,0x00000007dd780000)
  from space 192K, 0% used [0x00000007dd780000,0x00000007dd780000,0x00000007dd7b0000)
  to   space 5568K, 0% used [0x00000007ddcf0000,0x00000007ddcf0000,0x00000007de260000)
 ParOldGen       total 86272K, used 35023K [0x0000000781a00000, 0x0000000786e40000, 0x00000007d5e00000)
  object space 86272K, 40% used [0x0000000781a00000,0x0000000783c33fc0,0x0000000786e40000)
 PSPermGen       total 70464K, used 70065K [0x000000077c800000, 0x0000000780cd0000, 0x0000000781a00000)
  object space 70464K, 99% used [0x000000077c800000,0x0000000780c6c688,0x0000000780cd0000)
}

